1647277729.122729 client started (98877): version 3.2a, socket /private/tmp/tmux-501/default, protocol 8
1647277729.122778 on Darwin 21.2.0 Darwin Kernel Version 21.2.0: Sun Nov 28 20:28:54 PST 2021; root:xnu-8019.61.5~1/RELEASE_X86_64
1647277729.122798 using libevent 2.1.12-stable (select); utf8proc 2.6.1; ncurses 6.2
1647277729.122830 flags are 0x10010000
1647277729.122840 socket is /private/tmp/tmux-501/default
1647277729.122853 trying connect
1647277729.122960 add peer 0x7fa590008000: 6 (0x0)
1647277729.131310 sending message 100 to peer 0x7fa590008000 (4 bytes)
1647277729.131356 sending message 111 to peer 0x7fa590008000 (8 bytes)
1647277729.131367 sending message 101 to peer 0x7fa590008000 (7 bytes)
1647277729.131377 sending message 109 to peer 0x7fa590008000 (4 bytes)
1647277729.131386 sending message 102 to peer 0x7fa590008000 (13 bytes)
1647277729.131395 sending message 108 to peer 0x7fa590008000 (24 bytes)
1647277729.131404 sending message 112 to peer 0x7fa590008000 (70 bytes)
1647277729.131413 sending message 112 to peer 0x7fa590008000 (5 bytes)
1647277729.131422 sending message 112 to peer 0x7fa590008000 (5 bytes)
1647277729.131431 sending message 112 to peer 0x7fa590008000 (6 bytes)
1647277729.131439 sending message 112 to peer 0x7fa590008000 (6 bytes)
1647277729.131448 sending message 112 to peer 0x7fa590008000 (11 bytes)
1647277729.131456 sending message 112 to peer 0x7fa590008000 (10 bytes)
1647277729.131465 sending message 112 to peer 0x7fa590008000 (13 bytes)
1647277729.131474 sending message 112 to peer 0x7fa590008000 (13 bytes)
1647277729.131482 sending message 112 to peer 0x7fa590008000 (18 bytes)
1647277729.131491 sending message 112 to peer 0x7fa590008000 (9 bytes)
1647277729.131499 sending message 112 to peer 0x7fa590008000 (21 bytes)
1647277729.131508 sending message 112 to peer 0x7fa590008000 (13 bytes)
1647277729.131516 sending message 112 to peer 0x7fa590008000 (7 bytes)
1647277729.131524 sending message 112 to peer 0x7fa590008000 (13 bytes)
1647277729.131533 sending message 112 to peer 0x7fa590008000 (7 bytes)
1647277729.131542 sending message 112 to peer 0x7fa590008000 (13 bytes)
1647277729.131550 sending message 112 to peer 0x7fa590008000 (9 bytes)
1647277729.131558 sending message 112 to peer 0x7fa590008000 (21 bytes)
1647277729.131567 sending message 112 to peer 0x7fa590008000 (13 bytes)
1647277729.131575 sending message 112 to peer 0x7fa590008000 (8 bytes)
1647277729.131584 sending message 112 to peer 0x7fa590008000 (12 bytes)
1647277729.131592 sending message 112 to peer 0x7fa590008000 (13 bytes)
1647277729.131601 sending message 112 to peer 0x7fa590008000 (9 bytes)
1647277729.131609 sending message 112 to peer 0x7fa590008000 (9 bytes)
1647277729.131618 sending message 112 to peer 0x7fa590008000 (12 bytes)
1647277729.131626 sending message 112 to peer 0x7fa590008000 (8 bytes)
1647277729.131635 sending message 112 to peer 0x7fa590008000 (7 bytes)
1647277729.131643 sending message 112 to peer 0x7fa590008000 (7 bytes)
1647277729.131652 sending message 112 to peer 0x7fa590008000 (9 bytes)
1647277729.131660 sending message 112 to peer 0x7fa590008000 (13 bytes)
1647277729.131668 sending message 112 to peer 0x7fa590008000 (9 bytes)
1647277729.131677 sending message 112 to peer 0x7fa590008000 (15 bytes)
1647277729.131685 sending message 112 to peer 0x7fa590008000 (13 bytes)
1647277729.131694 sending message 112 to peer 0x7fa590008000 (12 bytes)
1647277729.131702 sending message 112 to peer 0x7fa590008000 (8 bytes)
1647277729.131711 sending message 112 to peer 0x7fa590008000 (14 bytes)
1647277729.131719 sending message 112 to peer 0x7fa590008000 (9 bytes)
1647277729.131728 sending message 112 to peer 0x7fa590008000 (10 bytes)
1647277729.131736 sending message 112 to peer 0x7fa590008000 (10 bytes)
1647277729.131744 sending message 112 to peer 0x7fa590008000 (10 bytes)
1647277729.131753 sending message 112 to peer 0x7fa590008000 (10 bytes)
1647277729.131761 sending message 112 to peer 0x7fa590008000 (11 bytes)
1647277729.131770 sending message 112 to peer 0x7fa590008000 (10 bytes)
1647277729.131778 sending message 112 to peer 0x7fa590008000 (8 bytes)
1647277729.131806 sending message 112 to peer 0x7fa590008000 (11 bytes)
1647277729.131815 sending message 112 to peer 0x7fa590008000 (11 bytes)
1647277729.131821 sending message 112 to peer 0x7fa590008000 (11 bytes)
1647277729.131827 sending message 112 to peer 0x7fa590008000 (8 bytes)
1647277729.131833 sending message 112 to peer 0x7fa590008000 (8 bytes)
1647277729.131839 sending message 112 to peer 0x7fa590008000 (8 bytes)
1647277729.131845 sending message 112 to peer 0x7fa590008000 (10 bytes)
1647277729.131851 sending message 112 to peer 0x7fa590008000 (10 bytes)
1647277729.131857 sending message 112 to peer 0x7fa590008000 (10 bytes)
1647277729.131862 sending message 112 to peer 0x7fa590008000 (10 bytes)
1647277729.131868 sending message 112 to peer 0x7fa590008000 (10 bytes)
1647277729.131874 sending message 112 to peer 0x7fa590008000 (11 bytes)
1647277729.131880 sending message 112 to peer 0x7fa590008000 (11 bytes)
1647277729.131886 sending message 112 to peer 0x7fa590008000 (10 bytes)
1647277729.131892 sending message 112 to peer 0x7fa590008000 (9 bytes)
1647277729.131897 sending message 112 to peer 0x7fa590008000 (9 bytes)
1647277729.131903 sending message 112 to peer 0x7fa590008000 (12 bytes)
1647277729.131909 sending message 112 to peer 0x7fa590008000 (9 bytes)
1647277729.131915 sending message 112 to peer 0x7fa590008000 (6 bytes)
1647277729.131921 sending message 112 to peer 0x7fa590008000 (8 bytes)
1647277729.131926 sending message 112 to peer 0x7fa590008000 (15 bytes)
1647277729.131932 sending message 112 to peer 0x7fa590008000 (13 bytes)
1647277729.131938 sending message 112 to peer 0x7fa590008000 (16 bytes)
1647277729.131944 sending message 112 to peer 0x7fa590008000 (16 bytes)
1647277729.131950 sending message 112 to peer 0x7fa590008000 (10 bytes)
1647277729.131956 sending message 112 to peer 0x7fa590008000 (8 bytes)
1647277729.131962 sending message 112 to peer 0x7fa590008000 (15 bytes)
1647277729.131967 sending message 112 to peer 0x7fa590008000 (13 bytes)
1647277729.131973 sending message 112 to peer 0x7fa590008000 (10 bytes)
1647277729.131979 sending message 112 to peer 0x7fa590008000 (10 bytes)
1647277729.131985 sending message 112 to peer 0x7fa590008000 (5 bytes)
1647277729.131991 sending message 112 to peer 0x7fa590008000 (15 bytes)
1647277729.131999 sending message 104 to peer 0x7fa590008000 (0 bytes)
1647277729.132006 sending message 110 to peer 0x7fa590008000 (0 bytes)
1647277729.132013 sending message 107 to peer 0x7fa590008000 (4 bytes)
1647277729.132019 sending message 105 to peer 0x7fa590008000 (15 bytes)
1647277729.132025 sending message 105 to peer 0x7fa590008000 (20 bytes)
1647277729.132031 sending message 105 to peer 0x7fa590008000 (22 bytes)
1647277729.132036 sending message 105 to peer 0x7fa590008000 (19 bytes)
1647277729.132042 sending message 105 to peer 0x7fa590008000 (22 bytes)
1647277729.132048 sending message 105 to peer 0x7fa590008000 (61 bytes)
1647277729.132054 sending message 105 to peer 0x7fa590008000 (17 bytes)
1647277729.132060 sending message 105 to peer 0x7fa590008000 (19 bytes)
1647277729.132066 sending message 105 to peer 0x7fa590008000 (27 bytes)
1647277729.132072 sending message 105 to peer 0x7fa590008000 (8 bytes)
1647277729.132078 sending message 105 to peer 0x7fa590008000 (15 bytes)
1647277729.132083 sending message 105 to peer 0x7fa590008000 (32 bytes)
1647277729.132089 sending message 105 to peer 0x7fa590008000 (54 bytes)
1647277729.132095 sending message 105 to peer 0x7fa590008000 (30 bytes)
1647277729.132101 sending message 105 to peer 0x7fa590008000 (31 bytes)
1647277729.132107 sending message 105 to peer 0x7fa590008000 (11 bytes)
1647277729.132113 sending message 105 to peer 0x7fa590008000 (328 bytes)
1647277729.132119 sending message 105 to peer 0x7fa590008000 (28 bytes)
1647277729.132125 sending message 105 to peer 0x7fa590008000 (24 bytes)
1647277729.132131 sending message 105 to peer 0x7fa590008000 (15 bytes)
1647277729.132137 sending message 105 to peer 0x7fa590008000 (8 bytes)
1647277729.132143 sending message 105 to peer 0x7fa590008000 (66 bytes)
1647277729.132161 sending message 105 to peer 0x7fa590008000 (12 bytes)
1647277729.132167 sending message 105 to peer 0x7fa590008000 (18 bytes)
1647277729.132173 sending message 105 to peer 0x7fa590008000 (26 bytes)
1647277729.132179 sending message 105 to peer 0x7fa590008000 (60 bytes)
1647277729.132185 sending message 105 to peer 0x7fa590008000 (57 bytes)
1647277729.132191 sending message 105 to peer 0x7fa590008000 (43 bytes)
1647277729.132197 sending message 105 to peer 0x7fa590008000 (13 bytes)
1647277729.132205 sending message 105 to peer 0x7fa590008000 (54 bytes)
1647277729.132211 sending message 105 to peer 0x7fa590008000 (12 bytes)
1647277729.132217 sending message 105 to peer 0x7fa590008000 (14 bytes)
1647277729.132222 sending message 105 to peer 0x7fa590008000 (19 bytes)
1647277729.132228 sending message 105 to peer 0x7fa590008000 (29 bytes)
1647277729.132234 sending message 105 to peer 0x7fa590008000 (43 bytes)
1647277729.132240 sending message 105 to peer 0x7fa590008000 (32 bytes)
1647277729.132247 sending message 105 to peer 0x7fa590008000 (29 bytes)
1647277729.132252 sending message 105 to peer 0x7fa590008000 (45 bytes)
1647277729.132258 sending message 105 to peer 0x7fa590008000 (46 bytes)
1647277729.132264 sending message 105 to peer 0x7fa590008000 (44 bytes)
1647277729.132270 sending message 105 to peer 0x7fa590008000 (58 bytes)
1647277729.132276 sending message 105 to peer 0x7fa590008000 (22 bytes)
1647277729.132282 sending message 106 to peer 0x7fa590008000 (0 bytes)
1647277729.132294 sending message 200 to peer 0x7fa590008000 (4 bytes)
1647277729.132300 client loop enter
1647277729.132784 peer 0x7fa590008000 message 303
1647277729.132803 open write file 2 -
1647277729.132841 sending message 305 to peer 0x7fa590008000 (8 bytes)
1647277729.132865 write check file 2
1647277729.132978 peer 0x7fa590008000 message 304
1647277729.133003 write 58 to file 2
1647277729.133032 peer 0x7fa590008000 message 203
1647277729.133042 file 2 58 bytes left
1647277729.133067 write check file 2
1647277729.133074 client loop exit
